Drill Listing
=============
Drill: .007  Tool: 1  Feed: 0  Speed: 0
X 1970760  Y 1475437
X 1976140  Y 1475437
X 1981066  Y 1478749
X 1988974  Y 1479202
X 1977990  Y 1479232
X 1984042  Y 1479232
X 1974868  Y 1479238
X 1973712  Y 1481011
X 1982221  Y 1481419
X 1975953  Y 1481445
X 1987544  Y 1481457
X 1978763  Y 1481472
X 1977159  Y 1484104
X 1973712  Y 1485964
X 1981625  Y 1486581
X 1973674  Y 1490969
X 1990803  Y 1494035
X 1973728  Y 1496041
X 1979021  Y 1496544
X 1990803  Y 1499035
X 1976743  Y 1499079
X 1973757  Y 1501062
X 1992512  Y 1501903
X 1986603  Y 1502203
X 1990123  Y 1502553
X 1976049  Y 1503322
X 1973758  Y 1506011
X 1986603  Y 1507103
X 1973760  Y 1511031
X 1985223  Y 1512073
X 1984063  Y 1513733
X 1987103  Y 1517203
X 1984103  Y 1518703
X 1979955  Y 1518742
X 1981373  Y 1520220
X 1986903  Y 1520233
X 1984103  Y 1521813
X 1986903  Y 1523383
X 1984103  Y 1524963
X 1987745  Y 1526842
X 1985553  Y 1526857
X 1983049  Y 1526918
X 1988773  Y 1528903
X 1990913  Y 1530403
X 1973469  Y 1531874
X 1988003  Y 1531903
X 1989936  Y 1533403
X 1973148  Y 1535000
X 1982242  Y 1540341
X 1979525  Y 1540379
X 1974006  Y 1544222
X 1992503  Y 1544493
X 1990703  Y 1544493
X 1981658  Y 1544677
X 1983681  Y 1544689
X 1978010  Y 1544744
X 1986762  Y 1544812
X 1988551  Y 1547347
X 1983974  Y 1547388
X 1980461  Y 1547562
X 1977023  Y 1547659
X 1973642  Y 1547735
X 1992843  Y 1547819
X 1975683  Y 1550088
X 1984613  Y 1550088
X 1989807  Y 1550185
X 1980391  Y 1550233
X 1970780  Y 1550233
X 1993174  Y 1550236
X 2010888  Y 1550428
X 2014727  Y 1550428
X 1998319  Y 1550236
X 2002541  Y 1550188
X 2006813  Y 1550188
X 1996820  Y 1547870
X 2001330  Y 1547299
X 2004988  Y 1547252
X 2014767  Y 1546195
X 2010632  Y 1546136
X 2017358  Y 1546083
X 2000519  Y 1544755
X 2003391  Y 1544717
X 1995650  Y 1544590
X 2006108  Y 1544447
X 2014941  Y 1544093
X 1998070  Y 1543864
X 2017717  Y 1543369
X 2000789  Y 1542944
X 2003435  Y 1542129
X 2006185  Y 1542057
X 1997798  Y 1541655
X 2010759  Y 1541395
X 2015076  Y 1541395
X 2012647  Y 1541183
X 2017227  Y 1540352
X 2000963  Y 1540342
X 2004205  Y 1539950
X 1998433  Y 1539839
X 2010508  Y 1538967
X 2015591  Y 1538618
X 2000959  Y 1538410
X 2005438  Y 1538243
X 2003125  Y 1538194
X 2012725  Y 1537887
X 1998100  Y 1537660
X 2017044  Y 1536773
X 2010643  Y 1536480
X 2014623  Y 1536168
X 2003105  Y 1535988
X 2005359  Y 1535348
X 2012667  Y 1535074
X 2016382  Y 1534885
X 2014528  Y 1533835
X 2006074  Y 1533803
X 2015989  Y 1532601
X 2013779  Y 1531318
X 2010549  Y 1530777
X 2001273  Y 1522303
X 2007273  Y 1522303
X 2004273  Y 1522303
X 1998273  Y 1522303
X 1995273  Y 1522303
X 2001273  Y 1519303
X 2004273  Y 1519303
X 2007273  Y 1519303
X 1995273  Y 1519303
X 1998273  Y 1519303
X 1995273  Y 1516303
X 2001273  Y 1516303
X 2007273  Y 1516303
X 2004273  Y 1516303
X 1998273  Y 1516303
X 2017273  Y 1515162
X 2015523  Y 1513843
X 2007273  Y 1513303
X 1995273  Y 1513303
X 2001273  Y 1513303
X 2004273  Y 1513303
X 1998273  Y 1513303
X 2015523  Y 1510753
X 2004273  Y 1510303
X 1998273  Y 1510303
X 2001273  Y 1510303
X 1995273  Y 1510303
X 2007273  Y 1510303
X 2017673  Y 1510052
X 2015910  Y 1506862
X 2011483  Y 1502013
X 2013747  Y 1501874
X 2008360  Y 1501303
X 2005210  Y 1501023
X 1995761  Y 1499593
X 2006785  Y 1498813
X 2008489  Y 1496757
X 2011029  Y 1496660
X 2002060  Y 1496013
X 2003635  Y 1494573
X 2000486  Y 1494473
X 1995685  Y 1493344
X 1998911  Y 1492843
X 1993835  Y 1491263
X 2006380  Y 1490843
X 2003635  Y 1490589
X 1998364  Y 1489472
X 1993983  Y 1489035
X 2000486  Y 1488803
X 1999024  Y 1487037
X 1994469  Y 1486892
X 2011030  Y 1486676
X 2008937  Y 1479164
X 2013896  Y 1479152
X 1993845  Y 1479141
X 2003935  Y 1479125
X 1999033  Y 1479125
X 2030690  Y 1475769
X 2034555  Y 1475861
X 2037677  Y 1475892
X 2033697  Y 1478466
X 2029916  Y 1478466
X 2018887  Y 1478902
X 2023666  Y 1479405
X 2029405  Y 1481793
X 2032546  Y 1482378
X 2034732  Y 1482398
X 2027922  Y 1483462
X 2030580  Y 1483524
X 2031541  Y 1486826
X 2023508  Y 1486848
X 2026167  Y 1486887
X 2034712  Y 1486887
X 2020752  Y 1486986
X 2028864  Y 1487006
X 2033177  Y 1488246
X 2024885  Y 1488559
X 2030221  Y 1488638
X 2027484  Y 1488638
X 2022384  Y 1488697
X 2027406  Y 1491709
X 2029690  Y 1491808
X 2024432  Y 1491828
X 2020533  Y 1491933
X 2032234  Y 1491991
X 2034260  Y 1492814
X 2026126  Y 1493344
X 2022522  Y 1493462
X 2030773  Y 1493482
X 2031572  Y 1496686
X 2034290  Y 1496706
X 2028205  Y 1496745
X 2021274  Y 1496765
X 2025173  Y 1496765
X 2034702  Y 1500276
X 2027152  Y 1505171
X 2023672  Y 1505470
X 2023416  Y 1507633
X 2021388  Y 1508361
X 2025310  Y 1509087
X 2019616  Y 1509346
X 2031681  Y 1510684
X 2019152  Y 1511830
X 2031742  Y 1512847
X 2019152  Y 1514304
X 2031722  Y 1515998
X 2031722  Y 1518892
X 2032167  Y 1522052
X 2029284  Y 1522913
X 2021243  Y 1523254
X 2024018  Y 1523312
X 2034562  Y 1524923
X 2028966  Y 1527477
X 2031925  Y 1527713
X 2034432  Y 1528665
X 2031287  Y 1529889
X 2029282  Y 1529928
X 2025813  Y 1530269
X 2034466  Y 1533490
X 2018708  Y 1534715
X 2019869  Y 1536566
X 2034466  Y 1537763
X 2018754  Y 1538272
X 2021251  Y 1538371
X 2024438  Y 1539289
X 2019731  Y 1540414
X 2022655  Y 1540517
X 2025860  Y 1540983
X 2028260  Y 1541865
X 2032145  Y 1542076
X 2034590  Y 1542192
X 2022381  Y 1542615
X 2019858  Y 1542794
X 2024274  Y 1542926
X 2030218  Y 1543267
X 2026499  Y 1543414
X 2034590  Y 1544665
X 2021524  Y 1544750
X 2032217  Y 1544768
X 2024271  Y 1544824
X 2028383  Y 1544962
X 2019253  Y 1545063
X 2021051  Y 1546537
X 2030719  Y 1547128
X 2034291  Y 1547241
X 2027133  Y 1547344
X 2024154  Y 1547362
X 2022045  Y 1549419
X 2037477  Y 1549689
X 2029306  Y 1549905
X 2034445  Y 1549965
X 2026953  Y 1550105
X 2031602  Y 1550162

Drill: .008  Tool: 2  Feed: 0  Speed: 0
X 1985603  Y 1515513
X 2015610  Y 1517090
X 2017228  Y 1523088

Drill: .01  Tool: 3  Feed: 95  Speed: 300
X 2013498  Y 1505245
X 2012641  Y 1527762
X 2005003  Y 1531045
X 1986972  Y 1535366
X 1986972  Y 1538113

Drill: .02165  Tool: 4  Feed: 197  Speed: 550
X 1981475  Y 1474287
X 1986475  Y 1474287
X 1991475  Y 1474287
X 1968503  Y 1480193
X 1968503  Y 1485193
X 1968503  Y 1490193
X 1968503  Y 1495193
X 1968503  Y 1500193
X 1968503  Y 1505193
X 1968503  Y 1510193
X 1968503  Y 1515193
X 1968503  Y 1520193
X 1968503  Y 1525193
X 1968503  Y 1530193
X 1968503  Y 1535193
X 1968503  Y 1545193
X 1996475  Y 1474287
X 2006475  Y 1474287
X 2011475  Y 1474287
X 2001475  Y 1474287
X 2016475  Y 1474287
X 2021475  Y 1474287
X 2026475  Y 1474287
X 2039383  Y 1480193
X 2039369  Y 1485193
X 2039369  Y 1490193
X 2039369  Y 1495193
X 2039369  Y 1500193
X 2039369  Y 1505193
X 2039369  Y 1510193
X 2039369  Y 1520193
X 2039369  Y 1525193
X 2039369  Y 1530193
X 2039369  Y 1535193
X 2039369  Y 1540193
X 2039369  Y 1545193

Drill: .02756  Tool: 5  Feed: 197  Speed: 550
X 2039369  Y 1515193
X 1968503  Y 1540193

End of Listing
